c:\users\alex_\documents\sae\trimestre 5\computo grafico\pedro\mydir\mydir\principiosdecg\transformaciones\x64\debug\vc141.pdb
c:\users\alex_\documents\sae\trimestre 5\computo grafico\pedro\mydir\mydir\principiosdecg\transformaciones\x64\debug\vc141.idb
c:\users\alex_\documents\sae\trimestre 5\computo grafico\pedro\mydir\mydir\principiosdecg\transformaciones\x64\debug\baseapplication.obj
c:\users\alex_\documents\sae\trimestre 5\computo grafico\pedro\mydir\mydir\principiosdecg\transformaciones\x64\debug\ejemploapp.obj
c:\users\alex_\documents\sae\trimestre 5\computo grafico\pedro\mydir\mydir\principiosdecg\transformaciones\x64\debug\pixel.obj
c:\users\alex_\documents\sae\trimestre 5\computo grafico\pedro\mydir\mydir\principiosdecg\transformaciones\x64\debug\shaderfuncs.obj
c:\users\alex_\documents\sae\trimestre 5\computo grafico\pedro\mydir\mydir\principiosdecg\transformaciones\x64\debug\vec2d.obj
c:\users\alex_\documents\sae\trimestre 5\computo grafico\pedro\mydir\mydir\principiosdecg\transformaciones\x64\debug\vec3.obj
c:\users\alex_\documents\sae\trimestre 5\computo grafico\pedro\mydir\mydir\principiosdecg\transformaciones\x64\debug\matrix3.obj
c:\users\alex_\documents\sae\trimestre 5\computo grafico\pedro\mydir\mydir\principiosdecg\x64\debug\transformaciones.pdb
c:\users\alex_\documents\sae\trimestre 5\computo grafico\pedro\mydir\mydir\principiosdecg\transformaciones\x64\debug\transformaciones.tlog\cl.command.1.tlog
c:\users\alex_\documents\sae\trimestre 5\computo grafico\pedro\mydir\mydir\principiosdecg\transformaciones\x64\debug\transformaciones.tlog\cl.read.1.tlog
c:\users\alex_\documents\sae\trimestre 5\computo grafico\pedro\mydir\mydir\principiosdecg\transformaciones\x64\debug\transformaciones.tlog\cl.write.1.tlog
c:\users\alex_\documents\sae\trimestre 5\computo grafico\pedro\mydir\mydir\principiosdecg\transformaciones\x64\debug\transformaciones.tlog\link-cvtres.read.1.tlog
c:\users\alex_\documents\sae\trimestre 5\computo grafico\pedro\mydir\mydir\principiosdecg\transformaciones\x64\debug\transformaciones.tlog\link-cvtres.write.1.tlog
c:\users\alex_\documents\sae\trimestre 5\computo grafico\pedro\mydir\mydir\principiosdecg\transformaciones\x64\debug\transformaciones.tlog\link-rc.read.1.tlog
c:\users\alex_\documents\sae\trimestre 5\computo grafico\pedro\mydir\mydir\principiosdecg\transformaciones\x64\debug\transformaciones.tlog\link-rc.write.1.tlog
c:\users\alex_\documents\sae\trimestre 5\computo grafico\pedro\mydir\mydir\principiosdecg\transformaciones\x64\debug\transformaciones.tlog\link.11316-cvtres.read.1.tlog
c:\users\alex_\documents\sae\trimestre 5\computo grafico\pedro\mydir\mydir\principiosdecg\transformaciones\x64\debug\transformaciones.tlog\link.11316-cvtres.write.1.tlog
c:\users\alex_\documents\sae\trimestre 5\computo grafico\pedro\mydir\mydir\principiosdecg\transformaciones\x64\debug\transformaciones.tlog\link.11316-rc.read.1.tlog
c:\users\alex_\documents\sae\trimestre 5\computo grafico\pedro\mydir\mydir\principiosdecg\transformaciones\x64\debug\transformaciones.tlog\link.11316-rc.write.1.tlog
c:\users\alex_\documents\sae\trimestre 5\computo grafico\pedro\mydir\mydir\principiosdecg\transformaciones\x64\debug\transformaciones.tlog\link.11316.read.1.tlog
c:\users\alex_\documents\sae\trimestre 5\computo grafico\pedro\mydir\mydir\principiosdecg\transformaciones\x64\debug\transformaciones.tlog\link.11316.write.1.tlog
c:\users\alex_\documents\sae\trimestre 5\computo grafico\pedro\mydir\mydir\principiosdecg\transformaciones\x64\debug\transformaciones.tlog\link.command.1.tlog
c:\users\alex_\documents\sae\trimestre 5\computo grafico\pedro\mydir\mydir\principiosdecg\transformaciones\x64\debug\transformaciones.tlog\link.read.1.tlog
c:\users\alex_\documents\sae\trimestre 5\computo grafico\pedro\mydir\mydir\principiosdecg\transformaciones\x64\debug\transformaciones.tlog\link.write.1.tlog
